2024-06-07 23:26:07: User lau logged in as simple
2024-06-07 23:26:25: User admin logged in as admin
2024-06-08 13:42:54: Server is running...
2024-06-08 13:43:31: User admin logged in as admin
2024-06-08 13:43:40: User relu logged in as simple
2024-06-08 13:44:16: User admin disconnected
2024-06-08 13:44:29: User relu logged in as rest
2024-06-08 14:22:17: Server is running...
2024-06-08 14:23:09: User admin logged in as admin
2024-06-08 14:23:36: Access denied for user admin
2024-06-08 14:23:44: User relu logged in as rest
2024-06-08 14:41:28: Server is running...
2024-06-08 14:42:00: Access denied for user admin
2024-06-08 14:42:31: User relu logged in as rest
2024-06-08 14:58:32: Server is running...
2024-06-08 14:59:09: Login failed for user ADMIN
2024-06-08 14:59:15: Access denied for user admin
2024-06-08 14:59:28: User relu logged in as rest
2024-06-08 15:00:05: User admin logged in as admin
2024-06-08 15:00:26: User E registered as simple
2024-06-08 15:00:29: User E logged in as simple
2024-06-08 17:32:24: Server is running...
2024-06-08 17:33:03: User relu logged in as rest
2024-06-08 17:37:58: Server is running...
2024-06-08 17:40:51: Server is running...
2024-06-08 17:41:15: User relu logged in as rest
2024-06-08 17:43:46: Server is running...
2024-06-08 17:44:02: User relu logged in as simple
2024-06-08 19:20:04: Server is running...
2024-06-08 19:21:01: Server is running...
2024-06-08 19:21:15: User relu logged in as simple
2024-06-08 19:58:58: User logged in
2024-06-08 19:59:04: User logged in
2024-06-08 20:26:03: User logged in
2024-06-08 20:26:30: User logged in
2024-06-08 20:26:41: User logged in
2024-06-08 21:10:08: User logged in
2024-06-08 21:52:36: User logged in
2024-06-08 22:26:12: User relu logged in as rest
2024-06-08 22:28:00: User admin logged in as admin
2024-06-08 22:55:30: User admin logged in as admin
2024-06-09 09:53:41: User lau logged in as rest
2024-06-09 09:54:00: User lau logged in as rest
2024-06-09 09:54:58: User lau1 registered as rest
2024-06-09 09:54:58: User lau1 disconnected
2024-06-09 09:55:02: User lau1 logged in as rest
2024-06-09 09:58:42: User lau2 registered as simple
2024-06-09 09:58:47: User lau2 logged in as simple
2024-06-09 09:59:45: User lau2 logged in as simple
2024-06-09 10:18:09: User lau2 logged in as simple
2024-06-09 10:18:20: User ti registered as simple
2024-06-09 10:18:26: User ti logged in as simple
2024-06-09 10:19:47: User lau1 logged in as rest
2024-06-09 11:06:53: User lau logged in as simple
2024-06-09 14:45:06: User admin disconnected
2024-06-09 14:45:11: User relu logged in as rest
2024-06-09 14:47:09: User admin logged in as admin
2024-06-09 14:48:05: User relu logged in as simple
2024-06-09 14:48:24: User relu logged in as simple
2024-06-09 14:52:35: User admin disconnected
2024-06-09 14:52:40: User relu disconnected
2024-06-09 14:52:42: User relu logged in as rest
2024-06-09 14:53:24: User relu logged in as simple
2024-06-09 16:50:48: User lau logged in as simple
2024-06-09 16:50:56: User rr registered as simple
2024-06-09 16:50:58: User rr logged in as simple
2024-06-09 16:51:15: User admin logged in as admin
2024-06-09 16:51:21: User admin logged in as admin
2024-06-09 16:51:33: User admin logged in as admin
2024-06-09 16:53:07: User lau logged in as rest
2024-06-09 17:36:56: User relu logged in as rest
2024-06-09 21:31:43: User admin logged in as admin
2024-06-09 21:32:16: User relu logged in as simple
2024-06-09 21:32:46: User admin logged in as admin
2024-06-09 21:32:58: User admin logged in as admin
2024-06-09 21:33:04: User admin logged in as admin
2024-06-09 21:33:21: User relu logged in as simple
2024-06-09 21:37:11: User relu logged in as rest
2024-06-09 21:57:02: User lau logged in as simple
2024-06-09 21:57:23: User lau logged in as rest
2024-06-09 22:10:01: User lau logged in as simple
2024-06-09 22:13:59: User admin logged in as admin
2024-06-09 22:25:28: User relu logged in as simple
2024-06-09 22:25:44: User admin logged in as admin
2024-06-09 22:27:54: User relu logged in as simple
2024-06-09 22:28:01: User admin logged in as admin
2024-06-09 22:28:13: User admin logged in as admin
2024-06-09 22:28:28: User admin logged in as admin
2024-06-09 22:28:47: User admin logged in as admin
2024-06-09 22:29:15: User relu logged in as rest
2024-06-09 22:34:33: User relu logged in as simple
2024-06-09 22:34:44: User admin logged in as admin
2024-06-09 22:34:55: User admin logged in as admin
2024-06-09 22:38:46: User relu logged in as simple
2024-06-09 22:38:57: User admin logged in as admin
2024-06-09 22:39:04: User admin logged in as admin
2024-06-09 22:42:55: User admin logged in as admin
2024-06-09 22:43:10: User relu logged in as simple
2024-06-09 22:43:45: User lau logged in as simple
2024-06-09 22:44:03: User lau blocked
2024-06-09 22:46:30: User relu logged in as simple
2024-06-09 22:46:43: User admin logged in as admin
2024-06-09 22:46:53: File uploaded.xml deleted
2024-06-09 22:49:12: User admin logged in as admin
2024-06-09 23:11:27: User admin logged in as admin
2024-06-09 23:11:55: User lau unblocked
2024-06-09 23:12:02: User lau logged in as simple
2024-06-09 23:37:36: User admin logged in as admin
2024-06-09 23:37:40: User lau unblocked
2024-06-09 23:41:28: User admin logged in as admin
2024-06-09 23:41:41: User lau blocked
2024-06-09 23:41:49: User lau unblocked
2024-06-09 23:42:05: User lau logged in as simple
2024-06-09 23:42:17: User lau blocked
2024-06-09 23:45:29: User admin logged in as admin
2024-06-09 23:45:56: User lau unblocked
2024-06-09 23:46:03: User lau logged in as simple
2024-06-09 23:46:13: User lau blocked
2024-06-10 08:14:34: User relu logged in as rest
2024-06-10 17:53:14: User admin1 registered as rest
2024-06-10 17:53:14: User admin1 disconnected
2024-06-10 17:53:17: User admin1 logged in as rest
2024-06-10 18:03:18: User admin1 logged in as rest
2024-06-10 18:03:51: User admin logged in as admin
2024-06-10 18:04:49: User relu logged in as simple
2024-06-10 18:06:23: User relu logged in as simple
2024-06-10 18:06:54: User ana registered as simple
2024-06-10 18:06:57: User ana logged in as simple
2024-06-10 22:31:23: User relu logged in as simple
2024-06-10 23:06:00: User relu logged in as simple
2024-06-10 23:06:44: User relu logged in as simple
2024-06-10 23:09:59: User relu logged in as simple
2024-06-10 23:10:38: User admin logged in as admin
2024-06-10 23:11:12: User admin logged in as admin
2024-06-10 23:11:36: User admin logged in as admin
2024-06-10 23:11:51: File converted.json deleted
2024-06-10 23:22:15: User admin logged in as admin
2024-06-10 23:25:03: User admin logged in as admin
2024-06-10 23:27:37: User relu logged in as simple
2024-06-10 23:30:11: User admin logged in as admin
2024-06-10 23:33:13: User admin logged in as admin
2024-06-10 23:33:45: User admin logged in as admin
2024-06-10 23:38:57: User admin1 logged in as rest
2024-06-10 23:40:00: User lau logged in as simple
2024-06-10 23:40:12: User admin logged in as admin
2024-06-10 23:50:04: User admin logged in as admin
2024-06-10 23:50:16: User lau logged in as simple
2024-06-10 23:50:54: User lau logged in as simple
2024-06-10 23:56:09: User lau logged in as simple
2024-06-10 23:56:15: User admin logged in as admin
2024-06-10 23:56:26: User rt registered as simple
2024-06-10 23:56:40: User rt logged in as simple
